<?xml version="1.0" encoding="UTF-8"?>
<beans xmlns="http://www.springframework.org/schema/beans"
	xmlns:xsi="http://www.w3.org/2001/XMLSchema-instance"
	xmlns:jaxrs="http://cxf.apache.org/jaxrs"
	xsi:schemaLocation="
	http://www.springframework.org/schema/beans http://www.springframework.org/schema/beans/spring-beans.xsd 
	http://cxf.apache.org/jaxrs http://cxf.apache.org/schemas/jaxrs.xsd
	">

	<bean id="jsonProvider" class="com.fasterxml.jackson.jaxrs.json.JacksonJaxbJsonProvider" />
	
	<!-- http://#{hostName.hostAddress}:8181 -->
	
	<jaxrs:server id="cxfRest" address="/rest">
		<jaxrs:serviceBeans>
			<ref bean="cxfRestJsonServiceImpl" />
		</jaxrs:serviceBeans>
		<jaxrs:providers>
			<!-- <ref bean="authenticationFilter" /> -->
			<ref bean="jsonProvider" />
		</jaxrs:providers>
	</jaxrs:server>


	<bean id="cxfRestJsonServiceImpl" class="com.example.cxfrj.rest.CxfRestJsonServiceImpl">
		<property name="businessService" ref="businessService" />
	</bean>

	<bean id="businessService" class="com.example.cxfrj.service.BusinessService" />
	
<!-- 	<bean id="authenticationFilter" class="org.apache.cxf.jaxrs.security.JAASAuthenticationFilter">
		<property name="contextName" value="karaf" />
	</bean> -->
</beans>